<?xml version="1.0" encoding="UTF-8"?>
<!-- Generated by org.testng.reporters.JUnitXMLReporter -->
<testsuite hostname="DESKTOP-BSQQ8SS" name="Test" tests="5" failures="0" timestamp="22 Sep 2018 06:31:35 GMT" time="145.667" errors="0">
  <testcase name="createContactsTest" time="15.634" classname="com.crm.contactTest.Contacts"/>
  <testcase name="deletecontactTest" time="6.506" classname="com.crm.contactTest.Contacts"/>
  <testcase name="createcampngTest" time="12.864" classname="com.crm.campagnitest.Campangin"/>
  <testcase name="deletecampngTest" time="6.664" classname="com.crm.campagnitest.Campangin"/>
  <testcase name="deleteOrganistionTest" time="7.349" classname="com.crm.organization.Organistion"/>
</testsuite> <!-- Test -->
