<?xml version="1.0" encoding="UTF-8"?>
<testng-results skipped="0" failed="0" total="1" passed="1">
  <reporter-output>
  </reporter-output>
  <suite name="Default suite" duration-ms="50065" started-at="2018-09-22T11:35:58Z" finished-at="2018-09-22T11:36:48Z">
    <groups>
    </groups>
    <test name="Default test" duration-ms="50065" started-at="2018-09-22T11:35:58Z" finished-at="2018-09-22T11:36:48Z">
      <class name="com.crm.campagnitest.Campangin">
        <test-method status="PASS" signature="configbc()[pri:0, instance:com.crm.campagnitest.Campangin@14acaea5]" name="configbc" is-config="true" duration-ms="12695" started-at="2018-09-22T17:05:58Z" finished-at="2018-09-22T17:06:11Z">
          <reporter-output>
          </reporter-output>
        </test-method> <!-- configbc -->
        <test-method status="PASS" signature="configbm()[pri:0, instance:com.crm.campagnitest.Campangin@14acaea5]" name="configbm" is-config="true" duration-ms="12030" started-at="2018-09-22T17:06:11Z" finished-at="2018-09-22T17:06:23Z">
          <reporter-output>
          </reporter-output>
        </test-method> <!-- configbm -->
        <test-method status="PASS" signature="createcampngTest()[pri:0, instance:com.crm.campagnitest.Campangin@14acaea5]" name="createcampngTest" duration-ms="16715" started-at="2018-09-22T17:06:23Z" finished-at="2018-09-22T17:06:39Z">
          <reporter-output>
          </reporter-output>
        </test-method> <!-- createcampngTest -->
        <test-method status="PASS" signature="configam()[pri:0, instance:com.crm.campagnitest.Campangin@14acaea5]" name="configam" is-config="true" duration-ms="8562" started-at="2018-09-22T17:06:39Z" finished-at="2018-09-22T17:06:48Z">
          <reporter-output>
          </reporter-output>
        </test-method> <!-- configam -->
        <test-method status="PASS" signature="configac()[pri:0, instance:com.crm.campagnitest.Campangin@14acaea5]" name="configac" is-config="true" duration-ms="46" started-at="2018-09-22T17:06:48Z" finished-at="2018-09-22T17:06:48Z">
          <reporter-output>
          </reporter-output>
        </test-method> <!-- configac -->
      </class> <!-- com.crm.campagnitest.Campangin -->
    </test> <!-- Default test -->
  </suite> <!-- Default suite -->
</testng-results>
